{"/home/taufik-rahadi/workspace/AIT/nestjs-pagination/lib/pagination.service.ts": {"path":"/home/taufik-rahadi/workspace/AIT/nestjs-pagination/lib/pagination.service.ts","statementMap":{"0":{"start":{"line":2,"column":0},"end":{"line":2,"column":62}},"1":{"start":{"line":3,"column":0},"end":{"line":3,"column":35}},"2":{"start":{"line":4,"column":18},"end":{"line":4,"column":36}},"3":{"start":{"line":7,"column":39},"end":{"line":7,"column":50}},"4":{"start":{"line":8,"column":21},"end":{"line":8,"column":54}},"5":{"start":{"line":9,"column":21},"end":{"line":9,"column":25}},"6":{"start":{"line":10,"column":21},"end":{"line":10,"column":56}},"7":{"start":{"line":11,"column":22},"end":{"line":13,"column":64}},"8":{"start":{"line":14,"column":8},"end":{"line":19,"column":10}},"9":{"start":{"line":22,"column":22},"end":{"line":22,"column":24}},"10":{"start":{"line":23,"column":8},"end":{"line":29,"column":16}},"11":{"start":{"line":24,"column":12},"end":{"line":29,"column":16}},"12":{"start":{"line":25,"column":28},"end":{"line":27,"column":17}},"13":{"start":{"line":28,"column":16},"end":{"line":28,"column":27}},"14":{"start":{"line":30,"column":8},"end":{"line":30,"column":21}},"15":{"start":{"line":33,"column":27},"end":{"line":37,"column":10}},"16":{"start":{"line":34,"column":33},"end":{"line":34,"column":53}},"17":{"start":{"line":35,"column":35},"end":{"line":35,"column":48}},"18":{"start":{"line":36,"column":12},"end":{"line":36,"column":52}},"19":{"start":{"line":38,"column":8},"end":{"line":38,"column":26}},"20":{"start":{"line":41,"column":8},"end":{"line":43,"column":10}},"21":{"start":{"line":46,"column":0},"end":{"line":46,"column":46}}},"fnMap":{"0":{"name":"(anonymous_0)","decl":{"start":{"line":6,"column":4},"end":{"line":6,"column":5}},"loc":{"start":{"line":6,"column":64},"end":{"line":20,"column":5}},"line":6},"1":{"name":"(anonymous_1)","decl":{"start":{"line":21,"column":4},"end":{"line":21,"column":5}},"loc":{"start":{"line":21,"column":48},"end":{"line":31,"column":5}},"line":21},"2":{"name":"(anonymous_2)","decl":{"start":{"line":24,"column":44},"end":{"line":24,"column":45}},"loc":{"start":{"line":24,"column":56},"end":{"line":29,"column":13}},"line":24},"3":{"name":"(anonymous_3)","decl":{"start":{"line":32,"column":4},"end":{"line":32,"column":5}},"loc":{"start":{"line":32,"column":44},"end":{"line":39,"column":5}},"line":32},"4":{"name":"(anonymous_4)","decl":{"start":{"line":33,"column":39},"end":{"line":33,"column":40}},"loc":{"start":{"line":33,"column":51},"end":{"line":37,"column":9}},"line":33},"5":{"name":"(anonymous_5)","decl":{"start":{"line":40,"column":4},"end":{"line":40,"column":5}},"loc":{"start":{"line":40,"column":39},"end":{"line":44,"column":5}},"line":40}},"branchMap":{"0":{"loc":{"start":{"line":8,"column":21},"end":{"line":8,"column":54}},"type":"cond-expr","locations":[{"start":{"line":8,"column":32},"end":{"line":8,"column":50}},{"start":{"line":8,"column":53},"end":{"line":8,"column":54}}],"line":8},"1":{"loc":{"start":{"line":11,"column":22},"end":{"line":13,"column":64}},"type":"cond-expr","locations":[{"start":{"line":12,"column":14},"end":{"line":12,"column":62}},{"start":{"line":13,"column":14},"end":{"line":13,"column":64}}],"line":11},"2":{"loc":{"start":{"line":23,"column":8},"end":{"line":29,"column":16}},"type":"if","locations":[{"start":{"line":23,"column":8},"end":{"line":29,"column":16}},{"start":{},"end":{}}],"line":23}},"s":{"0":1,"1":1,"2":1,"3":3,"4":3,"5":3,"6":3,"7":3,"8":3,"9":2,"10":2,"11":2,"12":2,"13":2,"14":2,"15":1,"16":2,"17":2,"18":2,"19":1,"20":3,"21":1},"f":{"0":3,"1":2,"2":2,"3":1,"4":2,"5":3},"b":{"0":[0,3],"1":[2,1],"2":[2,0]},"_coverageSchema":"1a1c01bbd47fc00a2c39e90264f33305004495a9","hash":"91ab1b11c2b8b4635ff36a8b382d38cf1d7fde5a"}
}
