TN:
SF:lib/pagination.service.ts
FN:6,(anonymous_0)
FN:21,(anonymous_1)
FN:24,(anonymous_2)
FN:32,(anonymous_3)
FN:33,(anonymous_4)
FN:40,(anonymous_5)
FNF:6
FNH:6
FNDA:3,(anonymous_0)
FNDA:2,(anonymous_1)
FNDA:2,(anonymous_2)
FNDA:1,(anonymous_3)
FNDA:2,(anonymous_4)
FNDA:3,(anonymous_5)
DA:2,1
DA:3,1
DA:4,1
DA:7,3
DA:8,3
DA:9,3
DA:10,3
DA:11,3
DA:14,3
DA:22,2
DA:23,2
DA:24,2
DA:25,2
DA:28,2
DA:30,2
DA:33,1
DA:34,2
DA:35,2
DA:36,2
DA:38,1
DA:41,3
DA:46,1
LF:22
LH:22
BRDA:8,0,0,0
BRDA:8,0,1,3
BRDA:11,1,0,2
BRDA:11,1,1,1
BRDA:23,2,0,2
BRDA:23,2,1,0
BRF:6
BRH:4
end_of_record
